# JRE version: OpenJDK Runtime Environment Microsoft-25199 (11.0.12+7) (build 11.0.12+7)
# Java VM: OpenJDK 64-Bit Server VM Microsoft-25199 (11.0.12+7, mixed mode, tiered, compressed oops, g1 gc, windows-amd64)
Heap:
 garbage-first heap   total 227328K, used 56832K [0x0000000701400000, 0x0000000800000000)
  region size 1024K, 2 young (2048K), 2 survivors (2048K)
 Metaspace       used 15994K, capacity 16256K, committed 16384K, reserved 1064960K
  class space    used 1584K, capacity 1695K, committed 1792K, reserved 1048576K
GC Heap History (20 events):
Event: 1.237 GC heap after
{Heap after GC invocations=23 (full 0):
 garbage-first heap   total 23552K, used 17110K [0x0000000701400000, 0x0000000800000000)
  region size 1024K, 1 young (1024K), 1 survivors (1024K)
 Metaspace       used 13767K, capacity 14004K, committed 14080K, reserved 1062912K
  class space    used 1434K, capacity 1503K, committed 1536K, reserved 1048576K
}
Event: 1.241 GC heap before
{Heap before GC invocations=23 (full 0):
 garbage-first heap   total 23552K, used 17110K [0x0000000701400000, 0x0000000800000000)
  region size 1024K, 2 young (2048K), 1 survivors (1024K)
 Metaspace       used 13768K, capacity 14004K, committed 14080K, reserved 1062912K
  class space    used 1434K, capacity 1503K, committed 1536K, reserved 1048576K
}
Event: 1.242 GC heap after
{Heap after GC invocations=24 (full 0):
 garbage-first heap   total 23552K, used 17267K [0x0000000701400000, 0x0000000800000000)
  region size 1024K, 1 young (1024K), 1 survivors (1024K)
 Metaspace       used 13768K, capacity 14004K, committed 14080K, reserved 1062912K
  class space    used 1434K, capacity 1503K, committed 1536K, reserved 1048576K
}
Event: 1.247 GC heap before
{Heap before GC invocations=24 (full 0):
 garbage-first heap   total 23552K, used 18291K [0x0000000701400000, 0x0000000800000000)
  region size 1024K, 2 young (2048K), 1 survivors (1024K)
 Metaspace       used 13768K, capacity 14004K, committed 14080K, reserved 1062912K
  class space    used 1434K, capacity 1503K, committed 1536K, reserved 1048576K
}
Event: 1.248 GC heap after
{Heap after GC invocations=25 (full 0):
 garbage-first heap   total 35840K, used 17762K [0x0000000701400000, 0x0000000800000000)
  region size 1024K, 1 young (1024K), 1 survivors (1024K)
 Metaspace       used 13768K, capacity 14004K, committed 14080K, reserved 1062912K
  class space    used 1434K, capacity 1503K, committed 1536K, reserved 1048576K
}
Event: 1.284 GC heap before
{Heap before GC invocations=26 (full 0):
 garbage-first heap   total 35840K, used 22882K [0x0000000701400000, 0x0000000800000000)
  region size 1024K, 7 young (7168K), 1 survivors (1024K)
 Metaspace       used 13768K, capacity 14004K, committed 14080K, reserved 1062912K
  class space    used 1434K, capacity 1503K, committed 1536K, reserved 1048576K
}
Event: 1.286 GC heap after
{Heap after GC invocations=27 (full 0):
 garbage-first heap   total 35840K, used 18204K [0x0000000701400000, 0x0000000800000000)
  region size 1024K, 1 young (1024K), 1 survivors (1024K)
 Metaspace       used 13768K, capacity 14004K, committed 14080K, reserved 1062912K
  class space    used 1434K, capacity 1503K, committed 1536K, reserved 1048576K
}
Event: 1.299 GC heap before
{Heap before GC invocations=27 (full 0):
 garbage-first heap   total 35840K, used 20252K [0x0000000701400000, 0x0000000800000000)
  region size 1024K, 4 young (4096K), 1 survivors (1024K)
 Metaspace       used 13768K, capacity 14004K, committed 14080K, reserved 1062912K
  class space    used 1434K, capacity 1503K, committed 1536K, reserved 1048576K
}
Event: 1.300 GC heap after
{Heap after GC invocations=28 (full 0):
 garbage-first heap   total 35840K, used 18493K [0x0000000701400000, 0x0000000800000000)
  region size 1024K, 1 young (1024K), 1 survivors (1024K)
 Metaspace       used 13768K, capacity 14004K, committed 14080K, reserved 1062912K
  class space    used 1434K, capacity 1503K, committed 1536K, reserved 1048576K
}
Event: 1.322 GC heap before
{Heap before GC invocations=29 (full 0):
 garbage-first heap   total 45056K, used 32829K [0x0000000701400000, 0x0000000800000000)
  region size 1024K, 2 young (2048K), 1 survivors (1024K)
 Metaspace       used 13768K, capacity 14004K, committed 14080K, reserved 1062912K
  class space    used 1434K, capacity 1503K, committed 1536K, reserved 1048576K
}
Event: 1.324 GC heap after
{Heap after GC invocations=30 (full 0):
 garbage-first heap   total 45056K, used 18744K [0x0000000701400000, 0x0000000800000000)
  region size 1024K, 1 young (1024K), 1 survivors (1024K)
 Metaspace       used 13768K, capacity 14004K, committed 14080K, reserved 1062912K
  class space    used 1434K, capacity 1503K, committed 1536K, reserved 1048576K
}
Event: 1.347 GC heap before
{Heap before GC invocations=31 (full 0):
 garbage-first heap   total 45056K, used 23864K [0x0000000701400000, 0x0000000800000000)
  region size 1024K, 5 young (5120K), 1 survivors (1024K)
 Metaspace       used 13768K, capacity 14004K, committed 14080K, reserved 1062912K
  class space    used 1434K, capacity 1503K, committed 1536K, reserved 1048576K
}
Event: 1.350 GC heap after
{Heap after GC invocations=32 (full 0):
 garbage-first heap   total 90112K, used 21618K [0x0000000701400000, 0x0000000800000000)
  region size 1024K, 2 young (2048K), 2 survivors (2048K)
 Metaspace       used 13768K, capacity 14004K, committed 14080K, reserved 1062912K
  class space    used 1434K, capacity 1503K, committed 1536K, reserved 1048576K
}
Event: 1.754 GC heap before
{Heap before GC invocations=33 (full 0):
 garbage-first heap   total 90112K, used 53362K [0x0000000701400000, 0x0000000800000000)
  region size 1024K, 29 young (29696K), 2 survivors (2048K)
 Metaspace       used 15110K, capacity 15368K, committed 15488K, reserved 1062912K
  class space    used 1531K, capacity 1637K, committed 1664K, reserved 1048576K
}
Event: 1.766 GC heap after
{Heap after GC invocations=34 (full 0):
 garbage-first heap   total 90112K, used 31293K [0x0000000701400000, 0x0000000800000000)
  region size 1024K, 4 young (4096K), 4 survivors (4096K)
 Metaspace       used 15110K, capacity 15368K, committed 15488K, reserved 1062912K
  class space    used 1531K, capacity 1637K, committed 1664K, reserved 1048576K
}
Event: 2.010 GC heap before
{Heap before GC invocations=34 (full 0):
 garbage-first heap   total 90112K, used 52797K [0x0000000701400000, 0x0000000800000000)
  region size 1024K, 24 young (24576K), 4 survivors (4096K)
 Metaspace       used 15734K, capacity 16052K, committed 16384K, reserved 1064960K
  class space    used 1578K, capacity 1692K, committed 1792K, reserved 1048576K
}
Event: 2.027 GC heap after
{Heap after GC invocations=35 (full 0):
 garbage-first heap   total 90112K, used 42399K [0x0000000701400000, 0x0000000800000000)
  region size 1024K, 3 young (3072K), 3 survivors (3072K)
 Metaspace       used 15734K, capacity 16052K, committed 16384K, reserved 1064960K
  class space    used 1578K, capacity 1692K, committed 1792K, reserved 1048576K
}
Event: 2.074 GC heap before
{Heap before GC invocations=35 (full 0):
 garbage-first heap   total 90112K, used 57759K [0x0000000701400000, 0x0000000800000000)
  region size 1024K, 18 young (18432K), 3 survivors (3072K)
 Metaspace       used 15790K, capacity 16124K, committed 16384K, reserved 1064960K
  class space    used 1582K, capacity 1695K, committed 1792K, reserved 1048576K
}
Event: 2.099 GC heap after
{Heap after GC invocations=36 (full 0):
 garbage-first heap   total 90112K, used 54272K [0x0000000701400000, 0x0000000800000000)
  region size 1024K, 3 young (3072K), 3 survivors (3072K)
 Metaspace       used 15790K, capacity 16124K, committed 16384K, reserved 1064960K
  class space    used 1582K, capacity 1695K, committed 1792K, reserved 1048576K
}
Event: 2.179 GC heap before
{Heap before GC invocations=36 (full 0):
 garbage-first heap   total 90112K, used 63488K [0x0000000701400000, 0x0000000800000000)
  region size 1024K, 12 young (12288K), 3 survivors (3072K)
 Metaspace       used 15994K, capacity 16256K, committed 16384K, reserved 1064960K
  class space    used 1584K, capacity 1695K, committed 1792K, reserved 1048576K
}

