# JRE version: OpenJDK Runtime Environment Microsoft-25199 (11.0.12+7) (build 11.0.12+7)
# Java VM: OpenJDK 64-Bit Server VM Microsoft-25199 (11.0.12+7, mixed mode, tiered, compressed oops, g1 gc, windows-amd64)
Heap:
 garbage-first heap   total 184320K, used 54272K [0x0000000701400000, 0x0000000800000000)
  region size 1024K, 2 young (2048K), 2 survivors (2048K)
 Metaspace       used 15773K, capacity 16124K, committed 16384K, reserved 1064960K
  class space    used 1582K, capacity 1695K, committed 1792K, reserved 1048576K
GC Heap History (20 events):
Event: 1.083 GC heap after
{Heap after GC invocations=23 (full 0):
 garbage-first heap   total 20480K, used 17157K [0x0000000701400000, 0x0000000800000000)
  region size 1024K, 1 young (1024K), 1 survivors (1024K)
 Metaspace       used 13766K, capacity 14004K, committed 14080K, reserved 1062912K
  class space    used 1435K, capacity 1503K, committed 1536K, reserved 1048576K
}
Event: 1.088 GC heap before
{Heap before GC invocations=23 (full 0):
 garbage-first heap   total 20480K, used 18181K [0x0000000701400000, 0x0000000800000000)
  region size 1024K, 2 young (2048K), 1 survivors (1024K)
 Metaspace       used 13767K, capacity 14004K, committed 14080K, reserved 1062912K
  class space    used 1435K, capacity 1503K, committed 1536K, reserved 1048576K
}
Event: 1.089 GC heap after
{Heap after GC invocations=24 (full 0):
 garbage-first heap   total 20480K, used 17233K [0x0000000701400000, 0x0000000800000000)
  region size 1024K, 1 young (1024K), 1 survivors (1024K)
 Metaspace       used 13767K, capacity 14004K, committed 14080K, reserved 1062912K
  class space    used 1435K, capacity 1503K, committed 1536K, reserved 1048576K
}
Event: 1.100 GC heap before
{Heap before GC invocations=25 (full 0):
 garbage-first heap   total 20480K, used 17233K [0x0000000701400000, 0x0000000800000000)
  region size 1024K, 2 young (2048K), 1 survivors (1024K)
 Metaspace       used 13768K, capacity 14004K, committed 14080K, reserved 1062912K
  class space    used 1435K, capacity 1503K, committed 1536K, reserved 1048576K
}
Event: 1.101 GC heap after
{Heap after GC invocations=26 (full 0):
 garbage-first heap   total 29696K, used 17364K [0x0000000701400000, 0x0000000800000000)
  region size 1024K, 1 young (1024K), 1 survivors (1024K)
 Metaspace       used 13768K, capacity 14004K, committed 14080K, reserved 1062912K
  class space    used 1435K, capacity 1503K, committed 1536K, reserved 1048576K
}
Event: 1.125 GC heap before
{Heap before GC invocations=26 (full 0):
 garbage-first heap   total 29696K, used 20436K [0x0000000701400000, 0x0000000800000000)
  region size 1024K, 5 young (5120K), 1 survivors (1024K)
 Metaspace       used 13768K, capacity 14004K, committed 14080K, reserved 1062912K
  class space    used 1435K, capacity 1503K, committed 1536K, reserved 1048576K
}
Event: 1.126 GC heap after
{Heap after GC invocations=27 (full 0):
 garbage-first heap   total 29696K, used 18113K [0x0000000701400000, 0x0000000800000000)
  region size 1024K, 1 young (1024K), 1 survivors (1024K)
 Metaspace       used 13768K, capacity 14004K, committed 14080K, reserved 1062912K
  class space    used 1435K, capacity 1503K, committed 1536K, reserved 1048576K
}
Event: 1.151 GC heap before
{Heap before GC invocations=28 (full 0):
 garbage-first heap   total 29696K, used 21185K [0x0000000701400000, 0x0000000800000000)
  region size 1024K, 4 young (4096K), 1 survivors (1024K)
 Metaspace       used 13768K, capacity 14004K, committed 14080K, reserved 1062912K
  class space    used 1435K, capacity 1503K, committed 1536K, reserved 1048576K
}
Event: 1.153 GC heap after
{Heap after GC invocations=29 (full 0):
 garbage-first heap   total 29696K, used 18368K [0x0000000701400000, 0x0000000800000000)
  region size 1024K, 1 young (1024K), 1 survivors (1024K)
 Metaspace       used 13768K, capacity 14004K, committed 14080K, reserved 1062912K
  class space    used 1435K, capacity 1503K, committed 1536K, reserved 1048576K
}
Event: 1.162 GC heap before
{Heap before GC invocations=29 (full 0):
 garbage-first heap   total 29696K, used 20416K [0x0000000701400000, 0x0000000800000000)
  region size 1024K, 4 young (4096K), 1 survivors (1024K)
 Metaspace       used 13768K, capacity 14004K, committed 14080K, reserved 1062912K
  class space    used 1435K, capacity 1503K, committed 1536K, reserved 1048576K
}
Event: 1.164 GC heap after
{Heap after GC invocations=30 (full 0):
 garbage-first heap   total 29696K, used 18458K [0x0000000701400000, 0x0000000800000000)
  region size 1024K, 1 young (1024K), 1 survivors (1024K)
 Metaspace       used 13768K, capacity 14004K, committed 14080K, reserved 1062912K
  class space    used 1435K, capacity 1503K, committed 1536K, reserved 1048576K
}
Event: 1.185 GC heap before
{Heap before GC invocations=31 (full 0):
 garbage-first heap   total 38912K, used 32794K [0x0000000701400000, 0x0000000800000000)
  region size 1024K, 2 young (2048K), 1 survivors (1024K)
 Metaspace       used 13768K, capacity 14004K, committed 14080K, reserved 1062912K
  class space    used 1435K, capacity 1503K, committed 1536K, reserved 1048576K
}
Event: 1.188 GC heap after
{Heap after GC invocations=32 (full 0):
 garbage-first heap   total 77824K, used 18637K [0x0000000701400000, 0x0000000800000000)
  region size 1024K, 1 young (1024K), 1 survivors (1024K)
 Metaspace       used 13768K, capacity 14004K, committed 14080K, reserved 1062912K
  class space    used 1435K, capacity 1503K, committed 1536K, reserved 1048576K
}
Event: 1.495 GC heap before
{Heap before GC invocations=33 (full 0):
 garbage-first heap   total 77824K, used 48333K [0x0000000701400000, 0x0000000800000000)
  region size 1024K, 24 young (24576K), 1 survivors (1024K)
 Metaspace       used 14825K, capacity 15077K, committed 15232K, reserved 1062912K
  class space    used 1518K, capacity 1604K, committed 1664K, reserved 1048576K
}
Event: 1.505 GC heap after
{Heap after GC invocations=34 (full 0):
 garbage-first heap   total 77824K, used 30486K [0x0000000701400000, 0x0000000800000000)
  region size 1024K, 3 young (3072K), 3 survivors (3072K)
 Metaspace       used 14825K, capacity 15077K, committed 15232K, reserved 1062912K
  class space    used 1518K, capacity 1604K, committed 1664K, reserved 1048576K
}
Event: 1.811 GC heap before
{Heap before GC invocations=34 (full 0):
 garbage-first heap   total 77824K, used 47894K [0x0000000701400000, 0x0000000800000000)
  region size 1024K, 19 young (19456K), 3 survivors (3072K)
 Metaspace       used 15613K, capacity 15916K, committed 16128K, reserved 1062912K
  class space    used 1575K, capacity 1690K, committed 1792K, reserved 1048576K
}
Event: 1.823 GC heap after
{Heap after GC invocations=35 (full 0):
 garbage-first heap   total 77824K, used 35840K [0x0000000701400000, 0x0000000800000000)
  region size 1024K, 3 young (3072K), 3 survivors (3072K)
 Metaspace       used 15613K, capacity 15916K, committed 16128K, reserved 1062912K
  class space    used 1575K, capacity 1690K, committed 1792K, reserved 1048576K
}
Event: 1.893 GC heap before
{Heap before GC invocations=35 (full 0):
 garbage-first heap   total 77824K, used 50176K [0x0000000701400000, 0x0000000800000000)
  region size 1024K, 18 young (18432K), 3 survivors (3072K)
 Metaspace       used 15745K, capacity 16052K, committed 16384K, reserved 1064960K
  class space    used 1579K, capacity 1692K, committed 1792K, reserved 1048576K
}
Event: 1.913 GC heap after
{Heap after GC invocations=36 (full 0):
 garbage-first heap   total 77824K, used 46487K [0x0000000701400000, 0x0000000800000000)
  region size 1024K, 3 young (3072K), 3 survivors (3072K)
 Metaspace       used 15745K, capacity 16052K, committed 16384K, reserved 1064960K
  class space    used 1579K, capacity 1692K, committed 1792K, reserved 1048576K
}
Event: 1.928 GC heap before
{Heap before GC invocations=36 (full 0):
 garbage-first heap   total 77824K, used 55703K [0x0000000701400000, 0x0000000800000000)
  region size 1024K, 12 young (12288K), 3 survivors (3072K)
 Metaspace       used 15773K, capacity 16124K, committed 16384K, reserved 1064960K
  class space    used 1582K, capacity 1695K, committed 1792K, reserved 1048576K
}

